{"/Users/andy/tools/react-router-redux-auth/src/components/ConditionalRedirect.jsx": {"path":"/Users/andy/tools/react-router-redux-auth/src/components/ConditionalRedirect.jsx","statementMap":{"0":{"start":{"line":13,"column":28},"end":{"line":51,"column":1}},"1":{"start":{"line":19,"column":4},"end":{"line":50,"column":6}},"2":{"start":{"line":23,"column":39},"end":{"line":23,"column":41}},"3":{"start":{"line":25,"column":16},"end":{"line":41,"column":17}},"4":{"start":{"line":26,"column":38},"end":{"line":28,"column":34}},"5":{"start":{"line":30,"column":20},"end":{"line":32,"column":21}},"6":{"start":{"line":31,"column":24},"end":{"line":31,"column":85}},"7":{"start":{"line":34,"column":20},"end":{"line":40,"column":21}},"8":{"start":{"line":35,"column":24},"end":{"line":35,"column":63}},"9":{"start":{"line":36,"column":24},"end":{"line":36,"column":73}},"10":{"start":{"line":39,"column":24},"end":{"line":39,"column":54}},"11":{"start":{"line":43,"column":16},"end":{"line":47,"column":17}}},"fnMap":{"0":{"name":"(anonymous_0)","decl":{"start":{"line":13,"column":28},"end":{"line":13,"column":29}},"loc":{"start":{"line":19,"column":4},"end":{"line":50,"column":6}},"line":19},"1":{"name":"(anonymous_1)","decl":{"start":{"line":22,"column":12},"end":{"line":22,"column":13}},"loc":{"start":{"line":22,"column":25},"end":{"line":48,"column":13}},"line":22}},"branchMap":{"0":{"loc":{"start":{"line":25,"column":16},"end":{"line":41,"column":17}},"type":"if","locations":[{"start":{"line":25,"column":16},"end":{"line":41,"column":17}},{"start":{"line":25,"column":16},"end":{"line":41,"column":17}}],"line":25},"1":{"loc":{"start":{"line":26,"column":38},"end":{"line":28,"column":34}},"type":"cond-expr","locations":[{"start":{"line":27,"column":24},"end":{"line":27,"column":52}},{"start":{"line":28,"column":24},"end":{"line":28,"column":34}}],"line":26},"2":{"loc":{"start":{"line":30,"column":20},"end":{"line":32,"column":21}},"type":"if","locations":[{"start":{"line":30,"column":20},"end":{"line":32,"column":21}},{"start":{"line":30,"column":20},"end":{"line":32,"column":21}}],"line":30},"3":{"loc":{"start":{"line":34,"column":20},"end":{"line":40,"column":21}},"type":"if","locations":[{"start":{"line":34,"column":20},"end":{"line":40,"column":21}},{"start":{"line":34,"column":20},"end":{"line":40,"column":21}}],"line":34},"4":{"loc":{"start":{"line":44,"column":20},"end":{"line":46,"column":60}},"type":"cond-expr","locations":[{"start":{"line":45,"column":24},"end":{"line":45,"column":50}},{"start":{"line":46,"column":24},"end":{"line":46,"column":60}}],"line":44}},"s":{"0":3,"1":48,"2":32,"3":32,"4":12,"5":12,"6":1,"7":11,"8":10,"9":10,"10":1,"11":31},"f":{"0":48,"1":32},"b":{"0":[12,20],"1":[6,6],"2":[1,11],"3":[10,1],"4":[20,11]},"_coverageSchema":"332fd63041d2c1bcb487cc26dd0d5f7d97098a6c","hash":"aa37d240fb68799b5000de97bdbabaf74daacb10"}
,"/Users/andy/tools/react-router-redux-auth/src/components/RedirectAuthenticated.jsx": {"path":"/Users/andy/tools/react-router-redux-auth/src/components/RedirectAuthenticated.jsx","statementMap":{"0":{"start":{"line":24,"column":21},"end":{"line":26,"column":1}},"1":{"start":{"line":28,"column":30},"end":{"line":62,"column":1}},"2":{"start":{"line":36,"column":24},"end":{"line":52,"column":5}},"3":{"start":{"line":36,"column":63},"end":{"line":52,"column":5}},"4":{"start":{"line":39,"column":8},"end":{"line":43,"column":9}},"5":{"start":{"line":40,"column":12},"end":{"line":42,"column":20}},"6":{"start":{"line":45,"column":8},"end":{"line":49,"column":9}},"7":{"start":{"line":46,"column":12},"end":{"line":48,"column":26}},"8":{"start":{"line":51,"column":8},"end":{"line":51,"column":26}},"9":{"start":{"line":54,"column":4},"end":{"line":61,"column":5}},"10":{"start":{"line":64,"column":0},"end":{"line":64,"column":49}}},"fnMap":{"0":{"name":"(anonymous_0)","decl":{"start":{"line":28,"column":30},"end":{"line":28,"column":31}},"loc":{"start":{"line":35,"column":18},"end":{"line":62,"column":1}},"line":35},"1":{"name":"(anonymous_1)","decl":{"start":{"line":36,"column":24},"end":{"line":36,"column":25}},"loc":{"start":{"line":36,"column":63},"end":{"line":52,"column":5}},"line":36},"2":{"name":"(anonymous_2)","decl":{"start":{"line":36,"column":63},"end":{"line":36,"column":64}},"loc":{"start":{"line":36,"column":93},"end":{"line":52,"column":5}},"line":36}},"branchMap":{"0":{"loc":{"start":{"line":39,"column":8},"end":{"line":43,"column":9}},"type":"if","locations":[{"start":{"line":39,"column":8},"end":{"line":43,"column":9}},{"start":{"line":39,"column":8},"end":{"line":43,"column":9}}],"line":39},"1":{"loc":{"start":{"line":40,"column":26},"end":{"line":42,"column":20}},"type":"cond-expr","locations":[{"start":{"line":41,"column":16},"end":{"line":41,"column":35}},{"start":{"line":42,"column":16},"end":{"line":42,"column":20}}],"line":40},"2":{"loc":{"start":{"line":40,"column":26},"end":{"line":40,"column":75}},"type":"binary-expr","locations":[{"start":{"line":40,"column":26},"end":{"line":40,"column":34}},{"start":{"line":40,"column":38},"end":{"line":40,"column":52}},{"start":{"line":40,"column":56},"end":{"line":40,"column":75}}],"line":40},"3":{"loc":{"start":{"line":45,"column":8},"end":{"line":49,"column":9}},"type":"if","locations":[{"start":{"line":45,"column":8},"end":{"line":49,"column":9}},{"start":{"line":45,"column":8},"end":{"line":49,"column":9}}],"line":45},"4":{"loc":{"start":{"line":46,"column":26},"end":{"line":48,"column":26}},"type":"cond-expr","locations":[{"start":{"line":47,"column":16},"end":{"line":47,"column":52}},{"start":{"line":48,"column":16},"end":{"line":48,"column":26}}],"line":46}},"s":{"0":1,"1":1,"2":20,"3":20,"4":5,"5":3,"6":5,"7":4,"8":5,"9":20,"10":1},"f":{"0":20,"1":20,"2":5},"b":{"0":[3,2],"1":[1,2],"2":[3,3,1],"3":[4,1],"4":[1,3]},"_coverageSchema":"332fd63041d2c1bcb487cc26dd0d5f7d97098a6c","hash":"6d071fead173aa60afcab967ce1ef59ca82ef5aa"}
,"/Users/andy/tools/react-router-redux-auth/src/components/RedirectUnauthenticated.jsx": {"path":"/Users/andy/tools/react-router-redux-auth/src/components/RedirectUnauthenticated.jsx","statementMap":{"0":{"start":{"line":18,"column":32},"end":{"line":30,"column":1}},"1":{"start":{"line":24,"column":4},"end":{"line":29,"column":6}}},"fnMap":{"0":{"name":"(anonymous_0)","decl":{"start":{"line":18,"column":32},"end":{"line":18,"column":33}},"loc":{"start":{"line":24,"column":4},"end":{"line":29,"column":6}},"line":24}},"branchMap":{},"s":{"0":2,"1":27},"f":{"0":27},"b":{},"_coverageSchema":"332fd63041d2c1bcb487cc26dd0d5f7d97098a6c","hash":"028b61180348fbae0e6021711994ca3be88c9ad1"}
}
