TN:
SF:/Users/andy/tools/react-router-redux-auth/src/components/ConditionalRedirect.jsx
FN:13,(anonymous_0)
FN:22,(anonymous_1)
FNF:2
FNH:2
FNDA:48,(anonymous_0)
FNDA:32,(anonymous_1)
DA:13,3
DA:19,48
DA:23,32
DA:25,32
DA:26,12
DA:30,12
DA:31,1
DA:34,11
DA:35,10
DA:36,10
DA:39,1
DA:43,31
LF:12
LH:12
BRDA:25,0,0,12
BRDA:25,0,1,20
BRDA:26,1,0,6
BRDA:26,1,1,6
BRDA:30,2,0,1
BRDA:30,2,1,11
BRDA:34,3,0,10
BRDA:34,3,1,1
BRDA:44,4,0,20
BRDA:44,4,1,11
BRF:10
BRH:10
end_of_record
TN:
SF:/Users/andy/tools/react-router-redux-auth/src/components/RedirectAuthenticated.jsx
FN:28,(anonymous_0)
FN:36,(anonymous_1)
FN:36,(anonymous_2)
FNF:3
FNH:3
FNDA:20,(anonymous_0)
FNDA:20,(anonymous_1)
FNDA:5,(anonymous_2)
DA:24,1
DA:28,1
DA:36,20
DA:39,5
DA:40,3
DA:45,5
DA:46,4
DA:51,5
DA:54,20
DA:64,1
LF:10
LH:10
BRDA:39,0,0,3
BRDA:39,0,1,2
BRDA:40,1,0,1
BRDA:40,1,1,2
BRDA:40,2,0,3
BRDA:40,2,1,3
BRDA:40,2,2,1
BRDA:45,3,0,4
BRDA:45,3,1,1
BRDA:46,4,0,1
BRDA:46,4,1,3
BRF:11
BRH:11
end_of_record
TN:
SF:/Users/andy/tools/react-router-redux-auth/src/components/RedirectUnauthenticated.jsx
FN:18,(anonymous_0)
FNF:1
FNH:1
FNDA:27,(anonymous_0)
DA:18,2
DA:24,27
LF:2
LH:2
BRF:0
BRH:0
end_of_record
